  Lista4.cpp
C:\Users\minki\Desktop\l\Studia\Semestr III\Techniki Efektywnego Programowania\Lista4\Lista4\NodeTree.h(124,14): warning C4244: "return": konwersja z "double" do "T", możliwa utrata danych
          with
          [
              T=int
          ]
C:\Users\minki\Desktop\l\Studia\Semestr III\Techniki Efektywnego Programowania\Lista4\Lista4\NodeTree.h(126,13): warning C4834: odrzucanie zwracanej wartości funkcji z atrybutem „nodiscard”
C:\Users\minki\Desktop\l\Studia\Semestr III\Techniki Efektywnego Programowania\Lista4\Lista4\NodeTree.h(129,14): warning C4244: "return": konwersja z "double" do "T", możliwa utrata danych
          with
          [
              T=int
          ]
C:\Users\minki\Desktop\l\Studia\Semestr III\Techniki Efektywnego Programowania\Lista4\Lista4\NodeTree.h(131,13): warning C4834: odrzucanie zwracanej wartości funkcji z atrybutem „nodiscard”
C:\Users\minki\Desktop\l\Studia\Semestr III\Techniki Efektywnego Programowania\Lista4\Lista4\NodeTree.h(156,13): warning C4834: odrzucanie zwracanej wartości funkcji z atrybutem „nodiscard”
C:\Users\minki\Desktop\l\Studia\Semestr III\Techniki Efektywnego Programowania\Lista4\Lista4\NodeTree.h(161,13): warning C4834: odrzucanie zwracanej wartości funkcji z atrybutem „nodiscard”
C:\Users\minki\Desktop\l\Studia\Semestr III\Techniki Efektywnego Programowania\Lista4\Lista4\NodeTree.h(189,29): warning C4267: "inicjowanie": konwersja z "size_t" do "int", możliwa utrata danych
C:\Users\minki\Desktop\l\Studia\Semestr III\Techniki Efektywnego Programowania\Lista4\Lista4\NodeTree.h(195,28): warning C4267: "=": konwersja z "size_t" do "int", możliwa utrata danych
  Trwa generowanie kodu
  0 of 505 functions ( 0.0%) were compiled, the rest were copied from previous compilation.
    0 functions were new in current compilation
    0 functions had inline decision re-evaluated but remain unchanged
  Zakończono generowanie kodu
  Lista4.vcxproj -> C:\Users\minki\Desktop\l\Studia\Semestr III\Techniki Efektywnego Programowania\Lista4\x64\Release\Lista4.exe
